{"/Users/jujoco/LocalRepo/my-projects/twitch-multi-task-chat-overlay/src/Task.js": {"path":"/Users/jujoco/LocalRepo/my-projects/twitch-multi-task-chat-overlay/src/Task.js","all":false,"statementMap":{"0":{"start":{"line":1,"column":0},"end":{"line":1,"column":3}},"1":{"start":{"line":2,"column":0},"end":{"line":2,"column":14}},"2":{"start":{"line":3,"column":0},"end":{"line":3,"column":64}},"3":{"start":{"line":4,"column":0},"end":{"line":4,"column":88}},"4":{"start":{"line":5,"column":0},"end":{"line":5,"column":70}},"5":{"start":{"line":6,"column":0},"end":{"line":6,"column":60}},"6":{"start":{"line":7,"column":0},"end":{"line":7,"column":60}},"7":{"start":{"line":8,"column":0},"end":{"line":8,"column":62}},"8":{"start":{"line":9,"column":0},"end":{"line":9,"column":60}},"9":{"start":{"line":10,"column":0},"end":{"line":10,"column":3}},"10":{"start":{"line":11,"column":0},"end":{"line":11,"column":12}},"11":{"start":{"line":12,"column":0},"end":{"line":12,"column":4}},"12":{"start":{"line":13,"column":0},"end":{"line":13,"column":16}},"13":{"start":{"line":14,"column":0},"end":{"line":14,"column":62}},"14":{"start":{"line":15,"column":0},"end":{"line":15,"column":4}},"15":{"start":{"line":16,"column":0},"end":{"line":16,"column":27}},"16":{"start":{"line":17,"column":0},"end":{"line":17,"column":59}},"17":{"start":{"line":18,"column":0},"end":{"line":18,"column":32}},"18":{"start":{"line":19,"column":0},"end":{"line":19,"column":2}},"19":{"start":{"line":20,"column":0},"end":{"line":20,"column":0}},"20":{"start":{"line":21,"column":0},"end":{"line":21,"column":4}},"21":{"start":{"line":22,"column":0},"end":{"line":22,"column":41}},"22":{"start":{"line":23,"column":0},"end":{"line":23,"column":62}},"23":{"start":{"line":24,"column":0},"end":{"line":24,"column":50}},"24":{"start":{"line":25,"column":0},"end":{"line":25,"column":50}},"25":{"start":{"line":26,"column":0},"end":{"line":26,"column":4}},"26":{"start":{"line":27,"column":0},"end":{"line":27,"column":35}},"27":{"start":{"line":28,"column":0},"end":{"line":28,"column":40}},"28":{"start":{"line":29,"column":0},"end":{"line":29,"column":62}},"29":{"start":{"line":30,"column":0},"end":{"line":30,"column":3}},"30":{"start":{"line":31,"column":0},"end":{"line":31,"column":35}},"31":{"start":{"line":32,"column":0},"end":{"line":32,"column":33}},"32":{"start":{"line":33,"column":0},"end":{"line":33,"column":47}},"33":{"start":{"line":34,"column":0},"end":{"line":34,"column":3}},"34":{"start":{"line":35,"column":0},"end":{"line":35,"column":21}},"35":{"start":{"line":36,"column":0},"end":{"line":36,"column":2}},"36":{"start":{"line":37,"column":0},"end":{"line":37,"column":0}},"37":{"start":{"line":38,"column":0},"end":{"line":38,"column":4}},"38":{"start":{"line":39,"column":0},"end":{"line":39,"column":36}},"39":{"start":{"line":40,"column":0},"end":{"line":40,"column":46}},"40":{"start":{"line":41,"column":0},"end":{"line":41,"column":4}},"41":{"start":{"line":42,"column":0},"end":{"line":42,"column":19}},"42":{"start":{"line":43,"column":0},"end":{"line":43,"column":26}},"43":{"start":{"line":44,"column":0},"end":{"line":44,"column":2}},"44":{"start":{"line":45,"column":0},"end":{"line":45,"column":0}},"45":{"start":{"line":46,"column":0},"end":{"line":46,"column":4}},"46":{"start":{"line":47,"column":0},"end":{"line":47,"column":36}},"47":{"start":{"line":48,"column":0},"end":{"line":48,"column":66}},"48":{"start":{"line":49,"column":0},"end":{"line":49,"column":16}},"49":{"start":{"line":50,"column":0},"end":{"line":50,"column":4}},"50":{"start":{"line":51,"column":0},"end":{"line":51,"column":30}},"51":{"start":{"line":52,"column":0},"end":{"line":52,"column":59}},"52":{"start":{"line":53,"column":0},"end":{"line":53,"column":2}},"53":{"start":{"line":54,"column":0},"end":{"line":54,"column":0}},"54":{"start":{"line":55,"column":0},"end":{"line":55,"column":4}},"55":{"start":{"line":56,"column":0},"end":{"line":56,"column":31}},"56":{"start":{"line":57,"column":0},"end":{"line":57,"column":46}},"57":{"start":{"line":58,"column":0},"end":{"line":58,"column":4}},"58":{"start":{"line":59,"column":0},"end":{"line":59,"column":15}},"59":{"start":{"line":60,"column":0},"end":{"line":60,"column":31}},"60":{"start":{"line":61,"column":0},"end":{"line":61,"column":2}},"61":{"start":{"line":62,"column":0},"end":{"line":62,"column":0}},"62":{"start":{"line":63,"column":0},"end":{"line":63,"column":4}},"63":{"start":{"line":64,"column":0},"end":{"line":64,"column":31}},"64":{"start":{"line":65,"column":0},"end":{"line":65,"column":57}},"65":{"start":{"line":66,"column":0},"end":{"line":66,"column":4}},"66":{"start":{"line":67,"column":0},"end":{"line":67,"column":30}},"67":{"start":{"line":68,"column":0},"end":{"line":68,"column":36}},"68":{"start":{"line":69,"column":0},"end":{"line":69,"column":64}},"69":{"start":{"line":70,"column":0},"end":{"line":70,"column":3}},"70":{"start":{"line":71,"column":0},"end":{"line":71,"column":33}},"71":{"start":{"line":72,"column":0},"end":{"line":72,"column":2}},"72":{"start":{"line":73,"column":0},"end":{"line":73,"column":1}},"73":{"start":{"line":74,"column":0},"end":{"line":74,"column":22}}},"s":{"0":1,"1":1,"2":1,"3":1,"4":1,"5":1,"6":1,"7":1,"8":1,"9":1,"10":1,"11":1,"12":1,"13":1,"14":1,"15":1,"16":42,"17":42,"18":42,"19":1,"20":1,"21":1,"22":1,"23":1,"24":1,"25":1,"26":1,"27":51,"28":4,"29":4,"30":47,"31":51,"32":1,"33":1,"34":46,"35":46,"36":1,"37":1,"38":1,"39":1,"40":1,"41":1,"42":10,"43":10,"44":1,"45":1,"46":1,"47":1,"48":1,"49":1,"50":1,"51":3,"52":3,"53":1,"54":1,"55":1,"56":1,"57":1,"58":1,"59":9,"60":9,"61":1,"62":1,"63":1,"64":1,"65":1,"66":1,"67":7,"68":1,"69":1,"70":6,"71":6,"72":1,"73":1},"branchMap":{"0":{"type":"branch","line":16,"loc":{"start":{"line":16,"column":1},"end":{"line":19,"column":2}},"locations":[{"start":{"line":16,"column":1},"end":{"line":19,"column":2}}]},"1":{"type":"branch","line":27,"loc":{"start":{"line":27,"column":1},"end":{"line":36,"column":2}},"locations":[{"start":{"line":27,"column":1},"end":{"line":36,"column":2}}]},"2":{"type":"branch","line":28,"loc":{"start":{"line":28,"column":39},"end":{"line":30,"column":3}},"locations":[{"start":{"line":28,"column":39},"end":{"line":30,"column":3}}]},"3":{"type":"branch","line":30,"loc":{"start":{"line":30,"column":2},"end":{"line":32,"column":32}},"locations":[{"start":{"line":30,"column":2},"end":{"line":32,"column":32}}]},"4":{"type":"branch","line":32,"loc":{"start":{"line":32,"column":32},"end":{"line":34,"column":3}},"locations":[{"start":{"line":32,"column":32},"end":{"line":34,"column":3}}]},"5":{"type":"branch","line":34,"loc":{"start":{"line":34,"column":2},"end":{"line":36,"column":2}},"locations":[{"start":{"line":34,"column":2},"end":{"line":36,"column":2}}]},"6":{"type":"branch","line":42,"loc":{"start":{"line":42,"column":1},"end":{"line":44,"column":2}},"locations":[{"start":{"line":42,"column":1},"end":{"line":44,"column":2}}]},"7":{"type":"branch","line":51,"loc":{"start":{"line":51,"column":1},"end":{"line":53,"column":2}},"locations":[{"start":{"line":51,"column":1},"end":{"line":53,"column":2}}]},"8":{"type":"branch","line":59,"loc":{"start":{"line":59,"column":1},"end":{"line":61,"column":2}},"locations":[{"start":{"line":59,"column":1},"end":{"line":61,"column":2}}]},"9":{"type":"branch","line":67,"loc":{"start":{"line":67,"column":1},"end":{"line":72,"column":2}},"locations":[{"start":{"line":67,"column":1},"end":{"line":72,"column":2}}]},"10":{"type":"branch","line":68,"loc":{"start":{"line":68,"column":35},"end":{"line":70,"column":3}},"locations":[{"start":{"line":68,"column":35},"end":{"line":70,"column":3}}]},"11":{"type":"branch","line":70,"loc":{"start":{"line":70,"column":2},"end":{"line":72,"column":2}},"locations":[{"start":{"line":70,"column":2},"end":{"line":72,"column":2}}]}},"b":{"0":[42],"1":[51],"2":[4],"3":[47],"4":[1],"5":[46],"6":[10],"7":[3],"8":[9],"9":[7],"10":[1],"11":[6]},"fnMap":{"0":{"name":"Task","decl":{"start":{"line":16,"column":1},"end":{"line":19,"column":2}},"loc":{"start":{"line":16,"column":1},"end":{"line":19,"column":2}},"line":16},"1":{"name":"validateDescription","decl":{"start":{"line":27,"column":1},"end":{"line":36,"column":2}},"loc":{"start":{"line":27,"column":1},"end":{"line":36,"column":2}},"line":27},"2":{"name":"getDescription","decl":{"start":{"line":42,"column":1},"end":{"line":44,"column":2}},"loc":{"start":{"line":42,"column":1},"end":{"line":44,"column":2}},"line":42},"3":{"name":"setDescription","decl":{"start":{"line":51,"column":1},"end":{"line":53,"column":2}},"loc":{"start":{"line":51,"column":1},"end":{"line":53,"column":2}},"line":51},"4":{"name":"isComplete","decl":{"start":{"line":59,"column":1},"end":{"line":61,"column":2}},"loc":{"start":{"line":59,"column":1},"end":{"line":61,"column":2}},"line":59},"5":{"name":"setCompletionStatus","decl":{"start":{"line":67,"column":1},"end":{"line":72,"column":2}},"loc":{"start":{"line":67,"column":1},"end":{"line":72,"column":2}},"line":67}},"f":{"0":42,"1":51,"2":10,"3":3,"4":9,"5":7}}
,"/Users/jujoco/LocalRepo/my-projects/twitch-multi-task-chat-overlay/src/User.js": {"path":"/Users/jujoco/LocalRepo/my-projects/twitch-multi-task-chat-overlay/src/User.js","all":false,"statementMap":{"0":{"start":{"line":1,"column":0},"end":{"line":1,"column":31}},"1":{"start":{"line":2,"column":0},"end":{"line":2,"column":0}},"2":{"start":{"line":3,"column":0},"end":{"line":3,"column":3}},"3":{"start":{"line":4,"column":0},"end":{"line":4,"column":14}},"4":{"start":{"line":5,"column":0},"end":{"line":5,"column":57}},"5":{"start":{"line":6,"column":0},"end":{"line":6,"column":51}},"6":{"start":{"line":7,"column":0},"end":{"line":7,"column":63}},"7":{"start":{"line":8,"column":0},"end":{"line":8,"column":42}},"8":{"start":{"line":9,"column":0},"end":{"line":9,"column":58}},"9":{"start":{"line":10,"column":0},"end":{"line":10,"column":60}},"10":{"start":{"line":11,"column":0},"end":{"line":11,"column":62}},"11":{"start":{"line":12,"column":0},"end":{"line":12,"column":53}},"12":{"start":{"line":13,"column":0},"end":{"line":13,"column":56}},"13":{"start":{"line":14,"column":0},"end":{"line":14,"column":47}},"14":{"start":{"line":15,"column":0},"end":{"line":15,"column":55}},"15":{"start":{"line":16,"column":0},"end":{"line":16,"column":3}},"16":{"start":{"line":17,"column":0},"end":{"line":17,"column":12}},"17":{"start":{"line":18,"column":0},"end":{"line":18,"column":4}},"18":{"start":{"line":19,"column":0},"end":{"line":19,"column":16}},"19":{"start":{"line":20,"column":0},"end":{"line":20,"column":55}},"20":{"start":{"line":21,"column":0},"end":{"line":21,"column":4}},"21":{"start":{"line":22,"column":0},"end":{"line":22,"column":24}},"22":{"start":{"line":23,"column":0},"end":{"line":23,"column":50}},"23":{"start":{"line":24,"column":0},"end":{"line":24,"column":18}},"24":{"start":{"line":25,"column":0},"end":{"line":25,"column":2}},"25":{"start":{"line":26,"column":0},"end":{"line":26,"column":0}},"26":{"start":{"line":27,"column":0},"end":{"line":27,"column":4}},"27":{"start":{"line":28,"column":0},"end":{"line":28,"column":37}},"28":{"start":{"line":29,"column":0},"end":{"line":29,"column":55}},"29":{"start":{"line":30,"column":0},"end":{"line":30,"column":48}},"30":{"start":{"line":31,"column":0},"end":{"line":31,"column":48}},"31":{"start":{"line":32,"column":0},"end":{"line":32,"column":4}},"32":{"start":{"line":33,"column":0},"end":{"line":33,"column":29}},"33":{"start":{"line":34,"column":0},"end":{"line":34,"column":37}},"34":{"start":{"line":35,"column":0},"end":{"line":35,"column":54}},"35":{"start":{"line":36,"column":0},"end":{"line":36,"column":3}},"36":{"start":{"line":37,"column":0},"end":{"line":37,"column":29}},"37":{"start":{"line":38,"column":0},"end":{"line":38,"column":30}},"38":{"start":{"line":39,"column":0},"end":{"line":39,"column":39}},"39":{"start":{"line":40,"column":0},"end":{"line":40,"column":3}},"40":{"start":{"line":41,"column":0},"end":{"line":41,"column":18}},"41":{"start":{"line":42,"column":0},"end":{"line":42,"column":2}},"42":{"start":{"line":43,"column":0},"end":{"line":43,"column":0}},"43":{"start":{"line":44,"column":0},"end":{"line":44,"column":4}},"44":{"start":{"line":45,"column":0},"end":{"line":45,"column":25}},"45":{"start":{"line":46,"column":0},"end":{"line":46,"column":78}},"46":{"start":{"line":47,"column":0},"end":{"line":47,"column":49}},"47":{"start":{"line":48,"column":0},"end":{"line":48,"column":4}},"48":{"start":{"line":49,"column":0},"end":{"line":49,"column":24}},"49":{"start":{"line":50,"column":0},"end":{"line":50,"column":17}},"50":{"start":{"line":51,"column":0},"end":{"line":51,"column":36}},"51":{"start":{"line":52,"column":0},"end":{"line":52,"column":68}},"52":{"start":{"line":53,"column":0},"end":{"line":53,"column":10}},"53":{"start":{"line":54,"column":0},"end":{"line":54,"column":38}},"54":{"start":{"line":55,"column":0},"end":{"line":55,"column":3}},"55":{"start":{"line":56,"column":0},"end":{"line":56,"column":40}},"56":{"start":{"line":57,"column":0},"end":{"line":57,"column":20}},"57":{"start":{"line":58,"column":0},"end":{"line":58,"column":2}},"58":{"start":{"line":59,"column":0},"end":{"line":59,"column":0}},"59":{"start":{"line":60,"column":0},"end":{"line":60,"column":4}},"60":{"start":{"line":61,"column":0},"end":{"line":61,"column":40}},"61":{"start":{"line":62,"column":0},"end":{"line":62,"column":56}},"62":{"start":{"line":63,"column":0},"end":{"line":63,"column":58}},"63":{"start":{"line":64,"column":0},"end":{"line":64,"column":49}},"64":{"start":{"line":65,"column":0},"end":{"line":65,"column":46}},"65":{"start":{"line":66,"column":0},"end":{"line":66,"column":4}},"66":{"start":{"line":67,"column":0},"end":{"line":67,"column":31}},"67":{"start":{"line":68,"column":0},"end":{"line":68,"column":33}},"68":{"start":{"line":69,"column":0},"end":{"line":69,"column":35}},"69":{"start":{"line":70,"column":0},"end":{"line":70,"column":14}},"70":{"start":{"line":71,"column":0},"end":{"line":71,"column":2}},"71":{"start":{"line":72,"column":0},"end":{"line":72,"column":0}},"72":{"start":{"line":73,"column":0},"end":{"line":73,"column":4}},"73":{"start":{"line":74,"column":0},"end":{"line":74,"column":52}},"74":{"start":{"line":75,"column":0},"end":{"line":75,"column":61}},"75":{"start":{"line":76,"column":0},"end":{"line":76,"column":49}},"76":{"start":{"line":77,"column":0},"end":{"line":77,"column":49}},"77":{"start":{"line":78,"column":0},"end":{"line":78,"column":4}},"78":{"start":{"line":79,"column":0},"end":{"line":79,"column":22}},"79":{"start":{"line":80,"column":0},"end":{"line":80,"column":33}},"80":{"start":{"line":81,"column":0},"end":{"line":81,"column":33}},"81":{"start":{"line":82,"column":0},"end":{"line":82,"column":14}},"82":{"start":{"line":83,"column":0},"end":{"line":83,"column":2}},"83":{"start":{"line":84,"column":0},"end":{"line":84,"column":0}},"84":{"start":{"line":85,"column":0},"end":{"line":85,"column":4}},"85":{"start":{"line":86,"column":0},"end":{"line":86,"column":42}},"86":{"start":{"line":87,"column":0},"end":{"line":87,"column":59}},"87":{"start":{"line":88,"column":0},"end":{"line":88,"column":45}},"88":{"start":{"line":89,"column":0},"end":{"line":89,"column":4}},"89":{"start":{"line":90,"column":0},"end":{"line":90,"column":20}},"90":{"start":{"line":91,"column":0},"end":{"line":91,"column":32}},"91":{"start":{"line":92,"column":0},"end":{"line":92,"column":40}},"92":{"start":{"line":93,"column":0},"end":{"line":93,"column":2}},"93":{"start":{"line":94,"column":0},"end":{"line":94,"column":0}},"94":{"start":{"line":95,"column":0},"end":{"line":95,"column":4}},"95":{"start":{"line":96,"column":0},"end":{"line":96,"column":29}},"96":{"start":{"line":97,"column":0},"end":{"line":97,"column":51}},"97":{"start":{"line":98,"column":0},"end":{"line":98,"column":4}},"98":{"start":{"line":99,"column":0},"end":{"line":99,"column":19}},"99":{"start":{"line":100,"column":0},"end":{"line":100,"column":63}},"100":{"start":{"line":101,"column":0},"end":{"line":101,"column":20}},"101":{"start":{"line":102,"column":0},"end":{"line":102,"column":2}},"102":{"start":{"line":103,"column":0},"end":{"line":103,"column":0}},"103":{"start":{"line":104,"column":0},"end":{"line":104,"column":4}},"104":{"start":{"line":105,"column":0},"end":{"line":105,"column":39}},"105":{"start":{"line":106,"column":0},"end":{"line":106,"column":56}},"106":{"start":{"line":107,"column":0},"end":{"line":107,"column":53}},"107":{"start":{"line":108,"column":0},"end":{"line":108,"column":4}},"108":{"start":{"line":109,"column":0},"end":{"line":109,"column":17}},"109":{"start":{"line":110,"column":0},"end":{"line":110,"column":32}},"110":{"start":{"line":111,"column":0},"end":{"line":111,"column":27}},"111":{"start":{"line":112,"column":0},"end":{"line":112,"column":2}},"112":{"start":{"line":113,"column":0},"end":{"line":113,"column":0}},"113":{"start":{"line":114,"column":0},"end":{"line":114,"column":4}},"114":{"start":{"line":115,"column":0},"end":{"line":115,"column":29}},"115":{"start":{"line":116,"column":0},"end":{"line":116,"column":45}},"116":{"start":{"line":117,"column":0},"end":{"line":117,"column":4}},"117":{"start":{"line":118,"column":0},"end":{"line":118,"column":13}},"118":{"start":{"line":119,"column":0},"end":{"line":119,"column":20}},"119":{"start":{"line":120,"column":0},"end":{"line":120,"column":2}},"120":{"start":{"line":121,"column":0},"end":{"line":121,"column":0}},"121":{"start":{"line":122,"column":0},"end":{"line":122,"column":4}},"122":{"start":{"line":123,"column":0},"end":{"line":123,"column":29}},"123":{"start":{"line":124,"column":0},"end":{"line":124,"column":50}},"124":{"start":{"line":125,"column":0},"end":{"line":125,"column":50}},"125":{"start":{"line":126,"column":0},"end":{"line":126,"column":22}},"126":{"start":{"line":127,"column":0},"end":{"line":127,"column":4}},"127":{"start":{"line":128,"column":0},"end":{"line":128,"column":27}},"128":{"start":{"line":129,"column":0},"end":{"line":129,"column":50}},"129":{"start":{"line":130,"column":0},"end":{"line":130,"column":50}},"130":{"start":{"line":131,"column":0},"end":{"line":131,"column":3}},"131":{"start":{"line":132,"column":0},"end":{"line":132,"column":48}},"132":{"start":{"line":133,"column":0},"end":{"line":133,"column":47}},"133":{"start":{"line":134,"column":0},"end":{"line":134,"column":3}},"134":{"start":{"line":135,"column":0},"end":{"line":135,"column":14}},"135":{"start":{"line":136,"column":0},"end":{"line":136,"column":2}},"136":{"start":{"line":137,"column":0},"end":{"line":137,"column":1}},"137":{"start":{"line":138,"column":0},"end":{"line":138,"column":22}}},"s":{"0":1,"1":1,"2":1,"3":1,"4":1,"5":1,"6":1,"7":1,"8":1,"9":1,"10":1,"11":1,"12":1,"13":1,"14":1,"15":1,"16":1,"17":1,"18":1,"19":1,"20":1,"21":1,"22":33,"23":33,"24":33,"25":1,"26":1,"27":1,"28":1,"29":1,"30":1,"31":1,"32":1,"33":38,"34":3,"35":3,"36":35,"37":38,"38":1,"39":1,"40":34,"41":34,"42":1,"43":1,"44":1,"45":1,"46":1,"47":1,"48":1,"49":31,"50":31,"51":19,"52":31,"53":12,"54":12,"55":31,"56":31,"57":31,"58":1,"59":1,"60":1,"61":1,"62":1,"63":1,"64":1,"65":1,"66":1,"67":4,"68":4,"69":4,"70":4,"71":1,"72":1,"73":1,"74":1,"75":1,"76":1,"77":1,"78":1,"79":6,"80":6,"81":6,"82":6,"83":1,"84":1,"85":1,"86":1,"87":1,"88":1,"89":1,"90":5,"91":5,"92":5,"93":1,"94":1,"95":1,"96":1,"97":1,"98":1,"99":2,"100":2,"101":2,"102":1,"103":1,"104":1,"105":1,"106":1,"107":1,"108":1,"109":13,"110":13,"111":13,"112":1,"113":1,"114":1,"115":1,"116":1,"117":1,"118":5,"119":5,"120":1,"121":1,"122":1,"123":1,"124":1,"125":1,"126":1,"127":1,"128":22,"129":1,"130":1,"131":22,"132":7,"133":7,"134":14,"135":14,"136":1,"137":1},"branchMap":{"0":{"type":"branch","line":22,"loc":{"start":{"line":22,"column":1},"end":{"line":25,"column":2}},"locations":[{"start":{"line":22,"column":1},"end":{"line":25,"column":2}}]},"1":{"type":"branch","line":33,"loc":{"start":{"line":33,"column":1},"end":{"line":42,"column":2}},"locations":[{"start":{"line":33,"column":1},"end":{"line":42,"column":2}}]},"2":{"type":"branch","line":34,"loc":{"start":{"line":34,"column":36},"end":{"line":36,"column":3}},"locations":[{"start":{"line":34,"column":36},"end":{"line":36,"column":3}}]},"3":{"type":"branch","line":36,"loc":{"start":{"line":36,"column":2},"end":{"line":38,"column":29}},"locations":[{"start":{"line":36,"column":2},"end":{"line":38,"column":29}}]},"4":{"type":"branch","line":38,"loc":{"start":{"line":38,"column":29},"end":{"line":40,"column":3}},"locations":[{"start":{"line":38,"column":29},"end":{"line":40,"column":3}}]},"5":{"type":"branch","line":40,"loc":{"start":{"line":40,"column":2},"end":{"line":42,"column":2}},"locations":[{"start":{"line":40,"column":2},"end":{"line":42,"column":2}}]},"6":{"type":"branch","line":49,"loc":{"start":{"line":49,"column":1},"end":{"line":58,"column":2}},"locations":[{"start":{"line":49,"column":1},"end":{"line":58,"column":2}}]},"7":{"type":"branch","line":51,"loc":{"start":{"line":51,"column":35},"end":{"line":53,"column":3}},"locations":[{"start":{"line":51,"column":35},"end":{"line":53,"column":3}}]},"8":{"type":"branch","line":53,"loc":{"start":{"line":53,"column":3},"end":{"line":55,"column":3}},"locations":[{"start":{"line":53,"column":3},"end":{"line":55,"column":3}}]},"9":{"type":"branch","line":52,"loc":{"start":{"line":52,"column":29},"end":{"line":52,"column":66}},"locations":[{"start":{"line":52,"column":29},"end":{"line":52,"column":66}}]},"10":{"type":"branch","line":67,"loc":{"start":{"line":67,"column":1},"end":{"line":71,"column":2}},"locations":[{"start":{"line":67,"column":1},"end":{"line":71,"column":2}}]},"11":{"type":"branch","line":79,"loc":{"start":{"line":79,"column":1},"end":{"line":83,"column":2}},"locations":[{"start":{"line":79,"column":1},"end":{"line":83,"column":2}}]},"12":{"type":"branch","line":90,"loc":{"start":{"line":90,"column":1},"end":{"line":93,"column":2}},"locations":[{"start":{"line":90,"column":1},"end":{"line":93,"column":2}}]},"13":{"type":"branch","line":99,"loc":{"start":{"line":99,"column":1},"end":{"line":102,"column":2}},"locations":[{"start":{"line":99,"column":1},"end":{"line":102,"column":2}}]},"14":{"type":"branch","line":100,"loc":{"start":{"line":100,"column":34},"end":{"line":100,"column":61}},"locations":[{"start":{"line":100,"column":34},"end":{"line":100,"column":61}}]},"15":{"type":"branch","line":109,"loc":{"start":{"line":109,"column":1},"end":{"line":112,"column":2}},"locations":[{"start":{"line":109,"column":1},"end":{"line":112,"column":2}}]},"16":{"type":"branch","line":118,"loc":{"start":{"line":118,"column":1},"end":{"line":120,"column":2}},"locations":[{"start":{"line":118,"column":1},"end":{"line":120,"column":2}}]},"17":{"type":"branch","line":128,"loc":{"start":{"line":128,"column":1},"end":{"line":136,"column":2}},"locations":[{"start":{"line":128,"column":1},"end":{"line":136,"column":2}}]},"18":{"type":"branch","line":129,"loc":{"start":{"line":129,"column":31},"end":{"line":129,"column":47}},"locations":[{"start":{"line":129,"column":31},"end":{"line":129,"column":47}}]},"19":{"type":"branch","line":129,"loc":{"start":{"line":129,"column":49},"end":{"line":131,"column":3}},"locations":[{"start":{"line":129,"column":49},"end":{"line":131,"column":3}}]},"20":{"type":"branch","line":131,"loc":{"start":{"line":131,"column":2},"end":{"line":132,"column":45}},"locations":[{"start":{"line":131,"column":2},"end":{"line":132,"column":45}}]},"21":{"type":"branch","line":132,"loc":{"start":{"line":132,"column":47},"end":{"line":134,"column":3}},"locations":[{"start":{"line":132,"column":47},"end":{"line":134,"column":3}}]},"22":{"type":"branch","line":134,"loc":{"start":{"line":134,"column":2},"end":{"line":136,"column":2}},"locations":[{"start":{"line":134,"column":2},"end":{"line":136,"column":2}}]}},"b":{"0":[33],"1":[38],"2":[3],"3":[35],"4":[1],"5":[34],"6":[31],"7":[19],"8":[12],"9":[22],"10":[4],"11":[6],"12":[5],"13":[2],"14":[4],"15":[13],"16":[5],"17":[22],"18":[21],"19":[1],"20":[21],"21":[7],"22":[14]},"fnMap":{"0":{"name":"User","decl":{"start":{"line":22,"column":1},"end":{"line":25,"column":2}},"loc":{"start":{"line":22,"column":1},"end":{"line":25,"column":2}},"line":22},"1":{"name":"validateUsername","decl":{"start":{"line":33,"column":1},"end":{"line":42,"column":2}},"loc":{"start":{"line":33,"column":1},"end":{"line":42,"column":2}},"line":33},"2":{"name":"addTask","decl":{"start":{"line":49,"column":1},"end":{"line":58,"column":2}},"loc":{"start":{"line":49,"column":1},"end":{"line":58,"column":2}},"line":49},"3":{"name":"editTask","decl":{"start":{"line":67,"column":1},"end":{"line":71,"column":2}},"loc":{"start":{"line":67,"column":1},"end":{"line":71,"column":2}},"line":67},"4":{"name":"completeTask","decl":{"start":{"line":79,"column":1},"end":{"line":83,"column":2}},"loc":{"start":{"line":79,"column":1},"end":{"line":83,"column":2}},"line":79},"5":{"name":"deleteTask","decl":{"start":{"line":90,"column":1},"end":{"line":93,"column":2}},"loc":{"start":{"line":90,"column":1},"end":{"line":93,"column":2}},"line":90},"6":{"name":"clearDoneTasks","decl":{"start":{"line":99,"column":1},"end":{"line":102,"column":2}},"loc":{"start":{"line":99,"column":1},"end":{"line":102,"column":2}},"line":99},"7":{"name":"getTask","decl":{"start":{"line":109,"column":1},"end":{"line":112,"column":2}},"loc":{"start":{"line":109,"column":1},"end":{"line":112,"column":2}},"line":109},"8":{"name":"getTasks","decl":{"start":{"line":118,"column":1},"end":{"line":120,"column":2}},"loc":{"start":{"line":118,"column":1},"end":{"line":120,"column":2}},"line":118},"9":{"name":"validateTaskIndex","decl":{"start":{"line":128,"column":1},"end":{"line":136,"column":2}},"loc":{"start":{"line":128,"column":1},"end":{"line":136,"column":2}},"line":128}},"f":{"0":33,"1":38,"2":31,"3":4,"4":6,"5":5,"6":2,"7":13,"8":5,"9":22}}
,"/Users/jujoco/LocalRepo/my-projects/twitch-multi-task-chat-overlay/src/UserList.js": {"path":"/Users/jujoco/LocalRepo/my-projects/twitch-multi-task-chat-overlay/src/UserList.js","all":false,"statementMap":{"0":{"start":{"line":1,"column":0},"end":{"line":1,"column":31}},"1":{"start":{"line":2,"column":0},"end":{"line":2,"column":0}},"2":{"start":{"line":3,"column":0},"end":{"line":3,"column":3}},"3":{"start":{"line":4,"column":0},"end":{"line":4,"column":18}},"4":{"start":{"line":5,"column":0},"end":{"line":5,"column":27}},"5":{"start":{"line":6,"column":0},"end":{"line":6,"column":79}},"6":{"start":{"line":7,"column":0},"end":{"line":7,"column":69}},"7":{"start":{"line":8,"column":0},"end":{"line":8,"column":42}},"8":{"start":{"line":9,"column":0},"end":{"line":9,"column":56}},"9":{"start":{"line":10,"column":0},"end":{"line":10,"column":38}},"10":{"start":{"line":11,"column":0},"end":{"line":11,"column":62}},"11":{"start":{"line":12,"column":0},"end":{"line":12,"column":57}},"12":{"start":{"line":13,"column":0},"end":{"line":13,"column":62}},"13":{"start":{"line":14,"column":0},"end":{"line":14,"column":61}},"14":{"start":{"line":15,"column":0},"end":{"line":15,"column":58}},"15":{"start":{"line":16,"column":0},"end":{"line":16,"column":47}},"16":{"start":{"line":17,"column":0},"end":{"line":17,"column":42}},"17":{"start":{"line":18,"column":0},"end":{"line":18,"column":48}},"18":{"start":{"line":19,"column":0},"end":{"line":19,"column":3}},"19":{"start":{"line":20,"column":0},"end":{"line":20,"column":16}},"20":{"start":{"line":21,"column":0},"end":{"line":21,"column":16}},"21":{"start":{"line":22,"column":0},"end":{"line":22,"column":51}},"22":{"start":{"line":23,"column":0},"end":{"line":23,"column":2}},"23":{"start":{"line":24,"column":0},"end":{"line":24,"column":0}},"24":{"start":{"line":25,"column":0},"end":{"line":25,"column":4}},"25":{"start":{"line":26,"column":0},"end":{"line":26,"column":41}},"26":{"start":{"line":27,"column":0},"end":{"line":27,"column":37}},"27":{"start":{"line":28,"column":0},"end":{"line":28,"column":4}},"28":{"start":{"line":29,"column":0},"end":{"line":29,"column":33}},"29":{"start":{"line":30,"column":0},"end":{"line":30,"column":50}},"30":{"start":{"line":31,"column":0},"end":{"line":31,"column":26}},"31":{"start":{"line":32,"column":0},"end":{"line":32,"column":42}},"32":{"start":{"line":33,"column":0},"end":{"line":33,"column":17}},"33":{"start":{"line":34,"column":0},"end":{"line":34,"column":19}},"34":{"start":{"line":35,"column":0},"end":{"line":35,"column":3}},"35":{"start":{"line":36,"column":0},"end":{"line":36,"column":34}},"36":{"start":{"line":37,"column":0},"end":{"line":37,"column":43}},"37":{"start":{"line":38,"column":0},"end":{"line":38,"column":36}},"38":{"start":{"line":39,"column":0},"end":{"line":39,"column":21}},"39":{"start":{"line":40,"column":0},"end":{"line":40,"column":49}},"40":{"start":{"line":41,"column":0},"end":{"line":41,"column":5}},"41":{"start":{"line":42,"column":0},"end":{"line":42,"column":43}},"42":{"start":{"line":43,"column":0},"end":{"line":43,"column":66}},"43":{"start":{"line":44,"column":0},"end":{"line":44,"column":6}},"44":{"start":{"line":45,"column":0},"end":{"line":45,"column":18}},"45":{"start":{"line":46,"column":0},"end":{"line":46,"column":5}},"46":{"start":{"line":47,"column":0},"end":{"line":47,"column":0}},"47":{"start":{"line":48,"column":0},"end":{"line":48,"column":15}},"48":{"start":{"line":49,"column":0},"end":{"line":49,"column":2}},"49":{"start":{"line":50,"column":0},"end":{"line":50,"column":0}},"50":{"start":{"line":51,"column":0},"end":{"line":51,"column":4}},"51":{"start":{"line":52,"column":0},"end":{"line":52,"column":44}},"52":{"start":{"line":53,"column":0},"end":{"line":53,"column":19}},"53":{"start":{"line":54,"column":0},"end":{"line":54,"column":4}},"54":{"start":{"line":55,"column":0},"end":{"line":55,"column":25}},"55":{"start":{"line":56,"column":0},"end":{"line":56,"column":63}},"56":{"start":{"line":57,"column":0},"end":{"line":57,"column":2}},"57":{"start":{"line":58,"column":0},"end":{"line":58,"column":0}},"58":{"start":{"line":59,"column":0},"end":{"line":59,"column":4}},"59":{"start":{"line":60,"column":0},"end":{"line":60,"column":21}},"60":{"start":{"line":61,"column":0},"end":{"line":61,"column":55}},"61":{"start":{"line":62,"column":0},"end":{"line":62,"column":76}},"62":{"start":{"line":63,"column":0},"end":{"line":63,"column":38}},"63":{"start":{"line":64,"column":0},"end":{"line":64,"column":52}},"64":{"start":{"line":65,"column":0},"end":{"line":65,"column":4}},"65":{"start":{"line":66,"column":0},"end":{"line":66,"column":47}},"66":{"start":{"line":67,"column":0},"end":{"line":67,"column":31}},"67":{"start":{"line":68,"column":0},"end":{"line":68,"column":46}},"68":{"start":{"line":69,"column":0},"end":{"line":69,"column":3}},"69":{"start":{"line":70,"column":0},"end":{"line":70,"column":37}},"70":{"start":{"line":71,"column":0},"end":{"line":71,"column":36}},"71":{"start":{"line":72,"column":0},"end":{"line":72,"column":37}},"72":{"start":{"line":73,"column":0},"end":{"line":73,"column":3}},"73":{"start":{"line":74,"column":0},"end":{"line":74,"column":27}},"74":{"start":{"line":75,"column":0},"end":{"line":75,"column":30}},"75":{"start":{"line":76,"column":0},"end":{"line":76,"column":17}},"76":{"start":{"line":77,"column":0},"end":{"line":77,"column":2}},"77":{"start":{"line":78,"column":0},"end":{"line":78,"column":0}},"78":{"start":{"line":79,"column":0},"end":{"line":79,"column":4}},"79":{"start":{"line":80,"column":0},"end":{"line":80,"column":24}},"80":{"start":{"line":81,"column":0},"end":{"line":81,"column":55}},"81":{"start":{"line":82,"column":0},"end":{"line":82,"column":65}},"82":{"start":{"line":83,"column":0},"end":{"line":83,"column":4}},"83":{"start":{"line":84,"column":0},"end":{"line":84,"column":20}},"84":{"start":{"line":85,"column":0},"end":{"line":85,"column":69}},"85":{"start":{"line":86,"column":0},"end":{"line":86,"column":14}},"86":{"start":{"line":87,"column":0},"end":{"line":87,"column":2}},"87":{"start":{"line":88,"column":0},"end":{"line":88,"column":0}},"88":{"start":{"line":89,"column":0},"end":{"line":89,"column":4}},"89":{"start":{"line":90,"column":0},"end":{"line":90,"column":17}},"90":{"start":{"line":91,"column":0},"end":{"line":91,"column":33}},"91":{"start":{"line":92,"column":0},"end":{"line":92,"column":4}},"92":{"start":{"line":93,"column":0},"end":{"line":93,"column":16}},"93":{"start":{"line":94,"column":0},"end":{"line":94,"column":20}},"94":{"start":{"line":95,"column":0},"end":{"line":95,"column":2}},"95":{"start":{"line":96,"column":0},"end":{"line":96,"column":0}},"96":{"start":{"line":97,"column":0},"end":{"line":97,"column":4}},"97":{"start":{"line":98,"column":0},"end":{"line":98,"column":29}},"98":{"start":{"line":99,"column":0},"end":{"line":99,"column":55}},"99":{"start":{"line":100,"column":0},"end":{"line":100,"column":46}},"100":{"start":{"line":101,"column":0},"end":{"line":101,"column":38}},"101":{"start":{"line":102,"column":0},"end":{"line":102,"column":4}},"102":{"start":{"line":103,"column":0},"end":{"line":103,"column":23}},"103":{"start":{"line":104,"column":0},"end":{"line":104,"column":75}},"104":{"start":{"line":105,"column":0},"end":{"line":105,"column":21}},"105":{"start":{"line":106,"column":0},"end":{"line":106,"column":37}},"106":{"start":{"line":107,"column":0},"end":{"line":107,"column":3}},"107":{"start":{"line":108,"column":0},"end":{"line":108,"column":53}},"108":{"start":{"line":109,"column":0},"end":{"line":109,"column":30}},"109":{"start":{"line":110,"column":0},"end":{"line":110,"column":21}},"110":{"start":{"line":111,"column":0},"end":{"line":111,"column":2}},"111":{"start":{"line":112,"column":0},"end":{"line":112,"column":0}},"112":{"start":{"line":113,"column":0},"end":{"line":113,"column":4}},"113":{"start":{"line":114,"column":0},"end":{"line":114,"column":49}},"114":{"start":{"line":115,"column":0},"end":{"line":115,"column":55}},"115":{"start":{"line":116,"column":0},"end":{"line":116,"column":65}},"116":{"start":{"line":117,"column":0},"end":{"line":117,"column":57}},"117":{"start":{"line":118,"column":0},"end":{"line":118,"column":4}},"118":{"start":{"line":119,"column":0},"end":{"line":119,"column":42}},"119":{"start":{"line":120,"column":0},"end":{"line":120,"column":41}},"120":{"start":{"line":121,"column":0},"end":{"line":121,"column":41}},"121":{"start":{"line":122,"column":0},"end":{"line":122,"column":3}},"122":{"start":{"line":123,"column":0},"end":{"line":123,"column":36}},"123":{"start":{"line":124,"column":0},"end":{"line":124,"column":14}},"124":{"start":{"line":125,"column":0},"end":{"line":125,"column":55}},"125":{"start":{"line":126,"column":0},"end":{"line":126,"column":10}},"126":{"start":{"line":127,"column":0},"end":{"line":127,"column":34}},"127":{"start":{"line":128,"column":0},"end":{"line":128,"column":3}},"128":{"start":{"line":129,"column":0},"end":{"line":129,"column":30}},"129":{"start":{"line":130,"column":0},"end":{"line":130,"column":37}},"130":{"start":{"line":131,"column":0},"end":{"line":131,"column":2}},"131":{"start":{"line":132,"column":0},"end":{"line":132,"column":0}},"132":{"start":{"line":133,"column":0},"end":{"line":133,"column":4}},"133":{"start":{"line":134,"column":0},"end":{"line":134,"column":40}},"134":{"start":{"line":135,"column":0},"end":{"line":135,"column":55}},"135":{"start":{"line":136,"column":0},"end":{"line":136,"column":61}},"136":{"start":{"line":137,"column":0},"end":{"line":137,"column":56}},"137":{"start":{"line":138,"column":0},"end":{"line":138,"column":42}},"138":{"start":{"line":139,"column":0},"end":{"line":139,"column":48}},"139":{"start":{"line":140,"column":0},"end":{"line":140,"column":4}},"140":{"start":{"line":141,"column":0},"end":{"line":141,"column":53}},"141":{"start":{"line":142,"column":0},"end":{"line":142,"column":38}},"142":{"start":{"line":143,"column":0},"end":{"line":143,"column":14}},"143":{"start":{"line":144,"column":0},"end":{"line":144,"column":47}},"144":{"start":{"line":145,"column":0},"end":{"line":145,"column":3}},"145":{"start":{"line":146,"column":0},"end":{"line":146,"column":44}},"146":{"start":{"line":147,"column":0},"end":{"line":147,"column":30}},"147":{"start":{"line":148,"column":0},"end":{"line":148,"column":25}},"148":{"start":{"line":149,"column":0},"end":{"line":149,"column":2}},"149":{"start":{"line":150,"column":0},"end":{"line":150,"column":0}},"150":{"start":{"line":151,"column":0},"end":{"line":151,"column":4}},"151":{"start":{"line":152,"column":0},"end":{"line":152,"column":52}},"152":{"start":{"line":153,"column":0},"end":{"line":153,"column":55}},"153":{"start":{"line":154,"column":0},"end":{"line":154,"column":65}},"154":{"start":{"line":155,"column":0},"end":{"line":155,"column":42}},"155":{"start":{"line":156,"column":0},"end":{"line":156,"column":61}},"156":{"start":{"line":157,"column":0},"end":{"line":157,"column":4}},"157":{"start":{"line":158,"column":0},"end":{"line":158,"column":40}},"158":{"start":{"line":159,"column":0},"end":{"line":159,"column":38}},"159":{"start":{"line":160,"column":0},"end":{"line":160,"column":14}},"160":{"start":{"line":161,"column":0},"end":{"line":161,"column":47}},"161":{"start":{"line":162,"column":0},"end":{"line":162,"column":3}},"162":{"start":{"line":163,"column":0},"end":{"line":163,"column":44}},"163":{"start":{"line":164,"column":0},"end":{"line":164,"column":30}},"164":{"start":{"line":165,"column":0},"end":{"line":165,"column":31}},"165":{"start":{"line":166,"column":0},"end":{"line":166,"column":2}},"166":{"start":{"line":167,"column":0},"end":{"line":167,"column":0}},"167":{"start":{"line":168,"column":0},"end":{"line":168,"column":4}},"168":{"start":{"line":169,"column":0},"end":{"line":169,"column":42}},"169":{"start":{"line":170,"column":0},"end":{"line":170,"column":55}},"170":{"start":{"line":171,"column":0},"end":{"line":171,"column":63}},"171":{"start":{"line":172,"column":0},"end":{"line":172,"column":42}},"172":{"start":{"line":173,"column":0},"end":{"line":173,"column":59}},"173":{"start":{"line":174,"column":0},"end":{"line":174,"column":4}},"174":{"start":{"line":175,"column":0},"end":{"line":175,"column":38}},"175":{"start":{"line":176,"column":0},"end":{"line":176,"column":38}},"176":{"start":{"line":177,"column":0},"end":{"line":177,"column":14}},"177":{"start":{"line":178,"column":0},"end":{"line":178,"column":47}},"178":{"start":{"line":179,"column":0},"end":{"line":179,"column":3}},"179":{"start":{"line":180,"column":0},"end":{"line":180,"column":42}},"180":{"start":{"line":181,"column":0},"end":{"line":181,"column":30}},"181":{"start":{"line":182,"column":0},"end":{"line":182,"column":31}},"182":{"start":{"line":183,"column":0},"end":{"line":183,"column":2}},"183":{"start":{"line":184,"column":0},"end":{"line":184,"column":0}},"184":{"start":{"line":185,"column":0},"end":{"line":185,"column":4}},"185":{"start":{"line":186,"column":0},"end":{"line":186,"column":36}},"186":{"start":{"line":187,"column":0},"end":{"line":187,"column":55}},"187":{"start":{"line":188,"column":0},"end":{"line":188,"column":46}},"188":{"start":{"line":189,"column":0},"end":{"line":189,"column":58}},"189":{"start":{"line":190,"column":0},"end":{"line":190,"column":4}},"190":{"start":{"line":191,"column":0},"end":{"line":191,"column":27}},"191":{"start":{"line":192,"column":0},"end":{"line":192,"column":38}},"192":{"start":{"line":193,"column":0},"end":{"line":193,"column":14}},"193":{"start":{"line":194,"column":0},"end":{"line":194,"column":47}},"194":{"start":{"line":195,"column":0},"end":{"line":195,"column":3}},"195":{"start":{"line":196,"column":0},"end":{"line":196,"column":13}},"196":{"start":{"line":197,"column":0},"end":{"line":197,"column":14}},"197":{"start":{"line":198,"column":0},"end":{"line":198,"column":40}},"198":{"start":{"line":199,"column":0},"end":{"line":199,"column":41}},"199":{"start":{"line":200,"column":0},"end":{"line":200,"column":2}},"200":{"start":{"line":201,"column":0},"end":{"line":201,"column":0}},"201":{"start":{"line":202,"column":0},"end":{"line":202,"column":4}},"202":{"start":{"line":203,"column":0},"end":{"line":203,"column":18}},"203":{"start":{"line":204,"column":0},"end":{"line":204,"column":19}},"204":{"start":{"line":205,"column":0},"end":{"line":205,"column":4}},"205":{"start":{"line":206,"column":0},"end":{"line":206,"column":18}},"206":{"start":{"line":207,"column":0},"end":{"line":207,"column":18}},"207":{"start":{"line":208,"column":0},"end":{"line":208,"column":30}},"208":{"start":{"line":209,"column":0},"end":{"line":209,"column":2}},"209":{"start":{"line":210,"column":0},"end":{"line":210,"column":0}},"210":{"start":{"line":211,"column":0},"end":{"line":211,"column":4}},"211":{"start":{"line":212,"column":0},"end":{"line":212,"column":24}},"212":{"start":{"line":213,"column":0},"end":{"line":213,"column":19}},"213":{"start":{"line":214,"column":0},"end":{"line":214,"column":4}},"214":{"start":{"line":215,"column":0},"end":{"line":215,"column":19}},"215":{"start":{"line":216,"column":0},"end":{"line":216,"column":32}},"216":{"start":{"line":217,"column":0},"end":{"line":217,"column":25}},"217":{"start":{"line":218,"column":0},"end":{"line":218,"column":5}},"218":{"start":{"line":219,"column":0},"end":{"line":219,"column":30}},"219":{"start":{"line":220,"column":0},"end":{"line":220,"column":2}},"220":{"start":{"line":221,"column":0},"end":{"line":221,"column":1}},"221":{"start":{"line":222,"column":0},"end":{"line":222,"column":26}}},"s":{"0":1,"1":1,"2":1,"3":1,"4":1,"5":1,"6":1,"7":1,"8":1,"9":1,"10":1,"11":1,"12":1,"13":1,"14":1,"15":1,"16":1,"17":1,"18":1,"19":1,"20":1,"21":24,"22":24,"23":1,"24":1,"25":1,"26":1,"27":1,"28":1,"29":26,"30":26,"31":24,"32":24,"33":24,"34":24,"35":2,"36":2,"37":1,"38":1,"39":1,"40":1,"41":1,"42":1,"43":1,"44":1,"45":2,"46":2,"47":2,"48":2,"49":1,"50":1,"51":1,"52":1,"53":1,"54":1,"55":43,"56":43,"57":1,"58":1,"59":1,"60":1,"61":1,"62":1,"63":1,"64":1,"65":1,"66":17,"67":0,"68":0,"69":17,"70":17,"71":17,"72":17,"73":17,"74":17,"75":17,"76":17,"77":1,"78":1,"79":1,"80":1,"81":1,"82":1,"83":1,"84":52,"85":52,"86":52,"87":1,"88":1,"89":1,"90":1,"91":1,"92":1,"93":2,"94":2,"95":1,"96":1,"97":1,"98":1,"99":1,"100":1,"101":1,"102":1,"103":2,"104":2,"105":1,"106":1,"107":1,"108":1,"109":1,"110":1,"111":1,"112":1,"113":1,"114":1,"115":1,"116":1,"117":1,"118":1,"119":17,"120":15,"121":15,"122":17,"123":17,"124":16,"125":17,"126":1,"127":1,"128":17,"129":17,"130":17,"131":1,"132":1,"133":1,"134":1,"135":1,"136":1,"137":1,"138":1,"139":1,"140":1,"141":3,"142":3,"143":1,"144":1,"145":2,"146":2,"147":2,"148":2,"149":1,"150":1,"151":1,"152":1,"153":1,"154":1,"155":1,"156":1,"157":1,"158":5,"159":5,"160":1,"161":1,"162":4,"163":4,"164":4,"165":4,"166":1,"167":1,"168":1,"169":1,"170":1,"171":1,"172":1,"173":1,"174":1,"175":3,"176":3,"177":1,"178":1,"179":2,"180":2,"181":2,"182":2,"183":1,"184":1,"185":1,"186":1,"187":1,"188":1,"189":1,"190":1,"191":2,"192":2,"193":1,"194":1,"195":1,"196":1,"197":1,"198":1,"199":1,"200":1,"201":1,"202":1,"203":1,"204":1,"205":1,"206":1,"207":1,"208":1,"209":1,"210":1,"211":1,"212":1,"213":1,"214":1,"215":1,"216":2,"217":1,"218":1,"219":1,"220":1,"221":1},"branchMap":{"0":{"type":"branch","line":21,"loc":{"start":{"line":21,"column":1},"end":{"line":23,"column":2}},"locations":[{"start":{"line":21,"column":1},"end":{"line":23,"column":2}}]},"1":{"type":"branch","line":29,"loc":{"start":{"line":29,"column":1},"end":{"line":49,"column":2}},"locations":[{"start":{"line":29,"column":1},"end":{"line":49,"column":2}}]},"2":{"type":"branch","line":31,"loc":{"start":{"line":31,"column":25},"end":{"line":35,"column":3}},"locations":[{"start":{"line":31,"column":25},"end":{"line":35,"column":3}}]},"3":{"type":"branch","line":35,"loc":{"start":{"line":35,"column":2},"end":{"line":49,"column":2}},"locations":[{"start":{"line":35,"column":2},"end":{"line":49,"column":2}}]},"4":{"type":"branch","line":37,"loc":{"start":{"line":37,"column":30},"end":{"line":46,"column":3}},"locations":[{"start":{"line":37,"column":30},"end":{"line":46,"column":3}}]},"5":{"type":"branch","line":40,"loc":{"start":{"line":40,"column":23},"end":{"line":40,"column":48}},"locations":[{"start":{"line":40,"column":23},"end":{"line":40,"column":48}}]},"6":{"type":"branch","line":42,"loc":{"start":{"line":42,"column":25},"end":{"line":44,"column":4}},"locations":[{"start":{"line":42,"column":25},"end":{"line":44,"column":4}}]},"7":{"type":"branch","line":55,"loc":{"start":{"line":55,"column":1},"end":{"line":57,"column":2}},"locations":[{"start":{"line":55,"column":1},"end":{"line":57,"column":2}}]},"8":{"type":"branch","line":66,"loc":{"start":{"line":66,"column":1},"end":{"line":77,"column":2}},"locations":[{"start":{"line":66,"column":1},"end":{"line":77,"column":2}}]},"9":{"type":"branch","line":67,"loc":{"start":{"line":67,"column":30},"end":{"line":69,"column":3}},"locations":[{"start":{"line":67,"column":30},"end":{"line":69,"column":3}}]},"10":{"type":"branch","line":84,"loc":{"start":{"line":84,"column":1},"end":{"line":87,"column":2}},"locations":[{"start":{"line":84,"column":1},"end":{"line":87,"column":2}}]},"11":{"type":"branch","line":85,"loc":{"start":{"line":85,"column":32},"end":{"line":85,"column":67}},"locations":[{"start":{"line":85,"column":32},"end":{"line":85,"column":67}}]},"12":{"type":"branch","line":93,"loc":{"start":{"line":93,"column":1},"end":{"line":95,"column":2}},"locations":[{"start":{"line":93,"column":1},"end":{"line":95,"column":2}}]},"13":{"type":"branch","line":103,"loc":{"start":{"line":103,"column":1},"end":{"line":111,"column":2}},"locations":[{"start":{"line":103,"column":1},"end":{"line":111,"column":2}}]},"14":{"type":"branch","line":105,"loc":{"start":{"line":105,"column":20},"end":{"line":111,"column":2}},"locations":[{"start":{"line":105,"column":20},"end":{"line":111,"column":2}}]},"15":{"type":"branch","line":104,"loc":{"start":{"line":104,"column":38},"end":{"line":104,"column":73}},"locations":[{"start":{"line":104,"column":38},"end":{"line":104,"column":73}}]},"16":{"type":"branch","line":119,"loc":{"start":{"line":119,"column":1},"end":{"line":131,"column":2}},"locations":[{"start":{"line":119,"column":1},"end":{"line":131,"column":2}}]},"17":{"type":"branch","line":120,"loc":{"start":{"line":120,"column":40},"end":{"line":122,"column":3}},"locations":[{"start":{"line":120,"column":40},"end":{"line":122,"column":3}}]},"18":{"type":"branch","line":124,"loc":{"start":{"line":124,"column":13},"end":{"line":126,"column":3}},"locations":[{"start":{"line":124,"column":13},"end":{"line":126,"column":3}}]},"19":{"type":"branch","line":126,"loc":{"start":{"line":126,"column":3},"end":{"line":128,"column":3}},"locations":[{"start":{"line":126,"column":3},"end":{"line":128,"column":3}}]},"20":{"type":"branch","line":141,"loc":{"start":{"line":141,"column":1},"end":{"line":149,"column":2}},"locations":[{"start":{"line":141,"column":1},"end":{"line":149,"column":2}}]},"21":{"type":"branch","line":143,"loc":{"start":{"line":143,"column":13},"end":{"line":145,"column":3}},"locations":[{"start":{"line":143,"column":13},"end":{"line":145,"column":3}}]},"22":{"type":"branch","line":145,"loc":{"start":{"line":145,"column":2},"end":{"line":149,"column":2}},"locations":[{"start":{"line":145,"column":2},"end":{"line":149,"column":2}}]},"23":{"type":"branch","line":158,"loc":{"start":{"line":158,"column":1},"end":{"line":166,"column":2}},"locations":[{"start":{"line":158,"column":1},"end":{"line":166,"column":2}}]},"24":{"type":"branch","line":160,"loc":{"start":{"line":160,"column":13},"end":{"line":162,"column":3}},"locations":[{"start":{"line":160,"column":13},"end":{"line":162,"column":3}}]},"25":{"type":"branch","line":162,"loc":{"start":{"line":162,"column":2},"end":{"line":166,"column":2}},"locations":[{"start":{"line":162,"column":2},"end":{"line":166,"column":2}}]},"26":{"type":"branch","line":175,"loc":{"start":{"line":175,"column":1},"end":{"line":183,"column":2}},"locations":[{"start":{"line":175,"column":1},"end":{"line":183,"column":2}}]},"27":{"type":"branch","line":177,"loc":{"start":{"line":177,"column":13},"end":{"line":179,"column":3}},"locations":[{"start":{"line":177,"column":13},"end":{"line":179,"column":3}}]},"28":{"type":"branch","line":179,"loc":{"start":{"line":179,"column":2},"end":{"line":183,"column":2}},"locations":[{"start":{"line":179,"column":2},"end":{"line":183,"column":2}}]},"29":{"type":"branch","line":191,"loc":{"start":{"line":191,"column":1},"end":{"line":200,"column":2}},"locations":[{"start":{"line":191,"column":1},"end":{"line":200,"column":2}}]},"30":{"type":"branch","line":193,"loc":{"start":{"line":193,"column":13},"end":{"line":200,"column":2}},"locations":[{"start":{"line":193,"column":13},"end":{"line":200,"column":2}}]},"31":{"type":"branch","line":198,"loc":{"start":{"line":198,"column":12},"end":{"line":198,"column":39}},"locations":[{"start":{"line":198,"column":12},"end":{"line":198,"column":39}}]},"32":{"type":"branch","line":199,"loc":{"start":{"line":199,"column":9},"end":{"line":199,"column":39}},"locations":[{"start":{"line":199,"column":9},"end":{"line":199,"column":39}}]},"33":{"type":"branch","line":206,"loc":{"start":{"line":206,"column":1},"end":{"line":209,"column":2}},"locations":[{"start":{"line":206,"column":1},"end":{"line":209,"column":2}}]},"34":{"type":"branch","line":215,"loc":{"start":{"line":215,"column":1},"end":{"line":220,"column":2}},"locations":[{"start":{"line":215,"column":1},"end":{"line":220,"column":2}}]},"35":{"type":"branch","line":216,"loc":{"start":{"line":216,"column":22},"end":{"line":218,"column":3}},"locations":[{"start":{"line":216,"column":22},"end":{"line":218,"column":3}}]}},"b":{"0":[24],"1":[26],"2":[24],"3":[2],"4":[1],"5":[1],"6":[1],"7":[43],"8":[17],"9":[0],"10":[52],"11":[19],"12":[2],"13":[2],"14":[1],"15":[1],"16":[17],"17":[15],"18":[16],"19":[1],"20":[3],"21":[1],"22":[2],"23":[5],"24":[1],"25":[4],"26":[3],"27":[1],"28":[2],"29":[2],"30":[1],"31":[1],"32":[1],"33":[1],"34":[1],"35":[2]},"fnMap":{"0":{"name":"UserList","decl":{"start":{"line":21,"column":1},"end":{"line":23,"column":2}},"loc":{"start":{"line":21,"column":1},"end":{"line":23,"column":2}},"line":21},"1":{"name":"loadUserListFromLocalStorage","decl":{"start":{"line":29,"column":1},"end":{"line":49,"column":2}},"loc":{"start":{"line":29,"column":1},"end":{"line":49,"column":2}},"line":29},"2":{"name":"commitToLocalStorage","decl":{"start":{"line":55,"column":1},"end":{"line":57,"column":2}},"loc":{"start":{"line":55,"column":1},"end":{"line":57,"column":2}},"line":55},"3":{"name":"#createUser","decl":{"start":{"line":66,"column":1},"end":{"line":77,"column":2}},"loc":{"start":{"line":66,"column":1},"end":{"line":77,"column":2}},"line":66},"4":{"name":"getUser","decl":{"start":{"line":84,"column":1},"end":{"line":87,"column":2}},"loc":{"start":{"line":84,"column":1},"end":{"line":87,"column":2}},"line":84},"5":{"name":"getAllUsers","decl":{"start":{"line":93,"column":1},"end":{"line":95,"column":2}},"loc":{"start":{"line":93,"column":1},"end":{"line":95,"column":2}},"line":93},"6":{"name":"deleteUser","decl":{"start":{"line":103,"column":1},"end":{"line":111,"column":2}},"loc":{"start":{"line":103,"column":1},"end":{"line":111,"column":2}},"line":103},"7":{"name":"addUserTask","decl":{"start":{"line":119,"column":1},"end":{"line":131,"column":2}},"loc":{"start":{"line":119,"column":1},"end":{"line":131,"column":2}},"line":119},"8":{"name":"editUserTask","decl":{"start":{"line":141,"column":1},"end":{"line":149,"column":2}},"loc":{"start":{"line":141,"column":1},"end":{"line":149,"column":2}},"line":141},"9":{"name":"completeUserTask","decl":{"start":{"line":158,"column":1},"end":{"line":166,"column":2}},"loc":{"start":{"line":158,"column":1},"end":{"line":166,"column":2}},"line":158},"10":{"name":"deleteUserTask","decl":{"start":{"line":175,"column":1},"end":{"line":183,"column":2}},"loc":{"start":{"line":175,"column":1},"end":{"line":183,"column":2}},"line":175},"11":{"name":"checkUserTasks","decl":{"start":{"line":191,"column":1},"end":{"line":200,"column":2}},"loc":{"start":{"line":191,"column":1},"end":{"line":200,"column":2}},"line":191},"12":{"name":"clearUserList","decl":{"start":{"line":206,"column":1},"end":{"line":209,"column":2}},"loc":{"start":{"line":206,"column":1},"end":{"line":209,"column":2}},"line":206},"13":{"name":"clearDoneTasks","decl":{"start":{"line":215,"column":1},"end":{"line":220,"column":2}},"loc":{"start":{"line":215,"column":1},"end":{"line":220,"column":2}},"line":215}},"f":{"0":24,"1":26,"2":43,"3":17,"4":52,"5":2,"6":2,"7":17,"8":3,"9":5,"10":3,"11":2,"12":1,"13":1}}
}
