TN:
SF:src/Task.js
FN:16,Task
FN:27,validateDescription
FN:42,getDescription
FN:51,setDescription
FN:59,isComplete
FN:67,setCompletionStatus
FNF:6
FNH:6
FNDA:42,Task
FNDA:51,validateDescription
FNDA:10,getDescription
FNDA:3,setDescription
FNDA:9,isComplete
FNDA:7,setCompletionStatus
DA:1,1
DA:2,1
DA:3,1
DA:4,1
DA:5,1
DA:6,1
DA:7,1
DA:8,1
DA:9,1
DA:10,1
DA:11,1
DA:12,1
DA:13,1
DA:14,1
DA:15,1
DA:16,1
DA:17,42
DA:18,42
DA:19,42
DA:20,1
DA:21,1
DA:22,1
DA:23,1
DA:24,1
DA:25,1
DA:26,1
DA:27,1
DA:28,51
DA:29,4
DA:30,4
DA:31,47
DA:32,51
DA:33,1
DA:34,1
DA:35,46
DA:36,46
DA:37,1
DA:38,1
DA:39,1
DA:40,1
DA:41,1
DA:42,1
DA:43,10
DA:44,10
DA:45,1
DA:46,1
DA:47,1
DA:48,1
DA:49,1
DA:50,1
DA:51,1
DA:52,3
DA:53,3
DA:54,1
DA:55,1
DA:56,1
DA:57,1
DA:58,1
DA:59,1
DA:60,9
DA:61,9
DA:62,1
DA:63,1
DA:64,1
DA:65,1
DA:66,1
DA:67,1
DA:68,7
DA:69,1
DA:70,1
DA:71,6
DA:72,6
DA:73,1
DA:74,1
LF:74
LH:74
BRDA:16,0,0,42
BRDA:27,1,0,51
BRDA:28,2,0,4
BRDA:30,3,0,47
BRDA:32,4,0,1
BRDA:34,5,0,46
BRDA:42,6,0,10
BRDA:51,7,0,3
BRDA:59,8,0,9
BRDA:67,9,0,7
BRDA:68,10,0,1
BRDA:70,11,0,6
BRF:12
BRH:12
end_of_record
TN:
SF:src/User.js
FN:22,User
FN:33,validateUsername
FN:49,addTask
FN:67,editTask
FN:79,completeTask
FN:90,deleteTask
FN:99,clearDoneTasks
FN:109,getTask
FN:118,getTasks
FN:128,validateTaskIndex
FNF:10
FNH:10
FNDA:33,User
FNDA:38,validateUsername
FNDA:31,addTask
FNDA:4,editTask
FNDA:6,completeTask
FNDA:5,deleteTask
FNDA:2,clearDoneTasks
FNDA:13,getTask
FNDA:5,getTasks
FNDA:22,validateTaskIndex
DA:1,1
DA:2,1
DA:3,1
DA:4,1
DA:5,1
DA:6,1
DA:7,1
DA:8,1
DA:9,1
DA:10,1
DA:11,1
DA:12,1
DA:13,1
DA:14,1
DA:15,1
DA:16,1
DA:17,1
DA:18,1
DA:19,1
DA:20,1
DA:21,1
DA:22,1
DA:23,33
DA:24,33
DA:25,33
DA:26,1
DA:27,1
DA:28,1
DA:29,1
DA:30,1
DA:31,1
DA:32,1
DA:33,1
DA:34,38
DA:35,3
DA:36,3
DA:37,35
DA:38,38
DA:39,1
DA:40,1
DA:41,34
DA:42,34
DA:43,1
DA:44,1
DA:45,1
DA:46,1
DA:47,1
DA:48,1
DA:49,1
DA:50,31
DA:51,31
DA:52,19
DA:53,31
DA:54,12
DA:55,12
DA:56,31
DA:57,31
DA:58,31
DA:59,1
DA:60,1
DA:61,1
DA:62,1
DA:63,1
DA:64,1
DA:65,1
DA:66,1
DA:67,1
DA:68,4
DA:69,4
DA:70,4
DA:71,4
DA:72,1
DA:73,1
DA:74,1
DA:75,1
DA:76,1
DA:77,1
DA:78,1
DA:79,1
DA:80,6
DA:81,6
DA:82,6
DA:83,6
DA:84,1
DA:85,1
DA:86,1
DA:87,1
DA:88,1
DA:89,1
DA:90,1
DA:91,5
DA:92,5
DA:93,5
DA:94,1
DA:95,1
DA:96,1
DA:97,1
DA:98,1
DA:99,1
DA:100,2
DA:101,2
DA:102,2
DA:103,1
DA:104,1
DA:105,1
DA:106,1
DA:107,1
DA:108,1
DA:109,1
DA:110,13
DA:111,13
DA:112,13
DA:113,1
DA:114,1
DA:115,1
DA:116,1
DA:117,1
DA:118,1
DA:119,5
DA:120,5
DA:121,1
DA:122,1
DA:123,1
DA:124,1
DA:125,1
DA:126,1
DA:127,1
DA:128,1
DA:129,22
DA:130,1
DA:131,1
DA:132,22
DA:133,7
DA:134,7
DA:135,14
DA:136,14
DA:137,1
DA:138,1
LF:138
LH:138
BRDA:22,0,0,33
BRDA:33,1,0,38
BRDA:34,2,0,3
BRDA:36,3,0,35
BRDA:38,4,0,1
BRDA:40,5,0,34
BRDA:49,6,0,31
BRDA:51,7,0,19
BRDA:53,8,0,12
BRDA:52,9,0,22
BRDA:67,10,0,4
BRDA:79,11,0,6
BRDA:90,12,0,5
BRDA:99,13,0,2
BRDA:100,14,0,4
BRDA:109,15,0,13
BRDA:118,16,0,5
BRDA:128,17,0,22
BRDA:129,18,0,21
BRDA:129,19,0,1
BRDA:131,20,0,21
BRDA:132,21,0,7
BRDA:134,22,0,14
BRF:23
BRH:23
end_of_record
TN:
SF:src/UserList.js
FN:21,UserList
FN:29,loadUserListFromLocalStorage
FN:55,commitToLocalStorage
FN:66,#createUser
FN:84,getUser
FN:93,getAllUsers
FN:103,deleteUser
FN:119,addUserTask
FN:141,editUserTask
FN:158,completeUserTask
FN:175,deleteUserTask
FN:191,checkUserTasks
FN:206,clearUserList
FN:215,clearDoneTasks
FNF:14
FNH:14
FNDA:24,UserList
FNDA:26,loadUserListFromLocalStorage
FNDA:43,commitToLocalStorage
FNDA:17,#createUser
FNDA:52,getUser
FNDA:2,getAllUsers
FNDA:2,deleteUser
FNDA:17,addUserTask
FNDA:3,editUserTask
FNDA:5,completeUserTask
FNDA:3,deleteUserTask
FNDA:2,checkUserTasks
FNDA:1,clearUserList
FNDA:1,clearDoneTasks
DA:1,1
DA:2,1
DA:3,1
DA:4,1
DA:5,1
DA:6,1
DA:7,1
DA:8,1
DA:9,1
DA:10,1
DA:11,1
DA:12,1
DA:13,1
DA:14,1
DA:15,1
DA:16,1
DA:17,1
DA:18,1
DA:19,1
DA:20,1
DA:21,1
DA:22,24
DA:23,24
DA:24,1
DA:25,1
DA:26,1
DA:27,1
DA:28,1
DA:29,1
DA:30,26
DA:31,26
DA:32,24
DA:33,24
DA:34,24
DA:35,24
DA:36,2
DA:37,2
DA:38,1
DA:39,1
DA:40,1
DA:41,1
DA:42,1
DA:43,1
DA:44,1
DA:45,1
DA:46,2
DA:47,2
DA:48,2
DA:49,2
DA:50,1
DA:51,1
DA:52,1
DA:53,1
DA:54,1
DA:55,1
DA:56,43
DA:57,43
DA:58,1
DA:59,1
DA:60,1
DA:61,1
DA:62,1
DA:63,1
DA:64,1
DA:65,1
DA:66,1
DA:67,17
DA:68,0
DA:69,0
DA:70,17
DA:71,17
DA:72,17
DA:73,17
DA:74,17
DA:75,17
DA:76,17
DA:77,17
DA:78,1
DA:79,1
DA:80,1
DA:81,1
DA:82,1
DA:83,1
DA:84,1
DA:85,52
DA:86,52
DA:87,52
DA:88,1
DA:89,1
DA:90,1
DA:91,1
DA:92,1
DA:93,1
DA:94,2
DA:95,2
DA:96,1
DA:97,1
DA:98,1
DA:99,1
DA:100,1
DA:101,1
DA:102,1
DA:103,1
DA:104,2
DA:105,2
DA:106,1
DA:107,1
DA:108,1
DA:109,1
DA:110,1
DA:111,1
DA:112,1
DA:113,1
DA:114,1
DA:115,1
DA:116,1
DA:117,1
DA:118,1
DA:119,1
DA:120,17
DA:121,15
DA:122,15
DA:123,17
DA:124,17
DA:125,16
DA:126,17
DA:127,1
DA:128,1
DA:129,17
DA:130,17
DA:131,17
DA:132,1
DA:133,1
DA:134,1
DA:135,1
DA:136,1
DA:137,1
DA:138,1
DA:139,1
DA:140,1
DA:141,1
DA:142,3
DA:143,3
DA:144,1
DA:145,1
DA:146,2
DA:147,2
DA:148,2
DA:149,2
DA:150,1
DA:151,1
DA:152,1
DA:153,1
DA:154,1
DA:155,1
DA:156,1
DA:157,1
DA:158,1
DA:159,5
DA:160,5
DA:161,1
DA:162,1
DA:163,4
DA:164,4
DA:165,4
DA:166,4
DA:167,1
DA:168,1
DA:169,1
DA:170,1
DA:171,1
DA:172,1
DA:173,1
DA:174,1
DA:175,1
DA:176,3
DA:177,3
DA:178,1
DA:179,1
DA:180,2
DA:181,2
DA:182,2
DA:183,2
DA:184,1
DA:185,1
DA:186,1
DA:187,1
DA:188,1
DA:189,1
DA:190,1
DA:191,1
DA:192,2
DA:193,2
DA:194,1
DA:195,1
DA:196,1
DA:197,1
DA:198,1
DA:199,1
DA:200,1
DA:201,1
DA:202,1
DA:203,1
DA:204,1
DA:205,1
DA:206,1
DA:207,1
DA:208,1
DA:209,1
DA:210,1
DA:211,1
DA:212,1
DA:213,1
DA:214,1
DA:215,1
DA:216,1
DA:217,2
DA:218,1
DA:219,1
DA:220,1
DA:221,1
DA:222,1
LF:222
LH:220
BRDA:21,0,0,24
BRDA:29,1,0,26
BRDA:31,2,0,24
BRDA:35,3,0,2
BRDA:37,4,0,1
BRDA:40,5,0,1
BRDA:42,6,0,1
BRDA:55,7,0,43
BRDA:66,8,0,17
BRDA:67,9,0,0
BRDA:84,10,0,52
BRDA:85,11,0,19
BRDA:93,12,0,2
BRDA:103,13,0,2
BRDA:105,14,0,1
BRDA:104,15,0,1
BRDA:119,16,0,17
BRDA:120,17,0,15
BRDA:124,18,0,16
BRDA:126,19,0,1
BRDA:141,20,0,3
BRDA:143,21,0,1
BRDA:145,22,0,2
BRDA:158,23,0,5
BRDA:160,24,0,1
BRDA:162,25,0,4
BRDA:175,26,0,3
BRDA:177,27,0,1
BRDA:179,28,0,2
BRDA:191,29,0,2
BRDA:193,30,0,1
BRDA:198,31,0,1
BRDA:199,32,0,1
BRDA:206,33,0,1
BRDA:215,34,0,1
BRDA:216,35,0,2
BRF:36
BRH:35
end_of_record
